mode: set
github.com/julianshen/rubichan/internal/tools/xcode/logparser.go:49.44,52.48 2 1
github.com/julianshen/rubichan/internal/tools/xcode/logparser.go:52.48,53.71 1 1
github.com/julianshen/rubichan/internal/tools/xcode/logparser.go:53.71,62.29 4 1
github.com/julianshen/rubichan/internal/tools/xcode/logparser.go:62.29,64.5 1 1
github.com/julianshen/rubichan/internal/tools/xcode/logparser.go:64.10,66.5 1 1
github.com/julianshen/rubichan/internal/tools/xcode/logparser.go:68.3,68.48 1 1
github.com/julianshen/rubichan/internal/tools/xcode/logparser.go:68.48,70.4 1 1
github.com/julianshen/rubichan/internal/tools/xcode/logparser.go:72.2,72.15 1 1
github.com/julianshen/rubichan/internal/tools/xcode/logparser.go:76.42,79.48 2 1
github.com/julianshen/rubichan/internal/tools/xcode/logparser.go:79.48,80.69 1 1
github.com/julianshen/rubichan/internal/tools/xcode/logparser.go:80.69,89.4 3 1
github.com/julianshen/rubichan/internal/tools/xcode/logparser.go:90.3,90.72 1 1
github.com/julianshen/rubichan/internal/tools/xcode/logparser.go:90.72,94.4 3 1
github.com/julianshen/rubichan/internal/tools/xcode/logparser.go:96.2,96.15 1 1
github.com/julianshen/rubichan/internal/tools/xcode/logparser.go:100.38,102.2 1 1
github.com/julianshen/rubichan/internal/tools/xcode/logparser.go:105.46,107.15 2 1
github.com/julianshen/rubichan/internal/tools/xcode/logparser.go:107.15,109.3 1 1
github.com/julianshen/rubichan/internal/tools/xcode/logparser.go:109.8,111.3 1 1
github.com/julianshen/rubichan/internal/tools/xcode/logparser.go:112.2,112.29 1 1
github.com/julianshen/rubichan/internal/tools/xcode/logparser.go:112.29,114.3 1 1
github.com/julianshen/rubichan/internal/tools/xcode/logparser.go:115.2,115.31 1 1
github.com/julianshen/rubichan/internal/tools/xcode/logparser.go:115.31,117.3 1 1
github.com/julianshen/rubichan/internal/tools/xcode/logparser.go:118.2,118.19 1 1
github.com/julianshen/rubichan/internal/tools/xcode/logparser.go:122.44,125.29 3 1
github.com/julianshen/rubichan/internal/tools/xcode/logparser.go:125.29,127.17 2 1
github.com/julianshen/rubichan/internal/tools/xcode/logparser.go:127.17,129.4 1 1
github.com/julianshen/rubichan/internal/tools/xcode/logparser.go:130.3,130.84 1 1
github.com/julianshen/rubichan/internal/tools/xcode/logparser.go:132.2,132.19 1 1
github.com/julianshen/rubichan/internal/tools/xcode/platform.go:20.52,22.2 1 0
github.com/julianshen/rubichan/internal/tools/xcode/platform.go:25.47,27.2 1 0
github.com/julianshen/rubichan/internal/tools/xcode/platform.go:30.59,31.19 1 0
github.com/julianshen/rubichan/internal/tools/xcode/platform.go:31.19,33.3 1 0
github.com/julianshen/rubichan/internal/tools/xcode/platform.go:34.2,35.16 2 0
github.com/julianshen/rubichan/internal/tools/xcode/platform.go:35.16,37.3 1 0
github.com/julianshen/rubichan/internal/tools/xcode/platform.go:38.2,38.44 1 0
github.com/julianshen/rubichan/internal/tools/xcode/platform.go:48.47,50.2 1 0
github.com/julianshen/rubichan/internal/tools/xcode/platform.go:53.59,54.15 1 0
github.com/julianshen/rubichan/internal/tools/xcode/platform.go:54.15,56.3 1 0
github.com/julianshen/rubichan/internal/tools/xcode/platform.go:57.2,57.28 1 0
