mode: set
github.com/julianshen/rubichan/internal/tools/xcode/cmdrunner.go:18.105,20.15 2 1
github.com/julianshen/rubichan/internal/tools/xcode/cmdrunner.go:20.15,22.3 1 0
github.com/julianshen/rubichan/internal/tools/xcode/cmdrunner.go:23.2,23.29 1 1
github.com/julianshen/rubichan/internal/tools/xcode/cmdrunner.go:27.97,29.15 2 0
github.com/julianshen/rubichan/internal/tools/xcode/cmdrunner.go:29.15,31.3 1 0
github.com/julianshen/rubichan/internal/tools/xcode/cmdrunner.go:32.2,32.21 1 0
github.com/julianshen/rubichan/internal/tools/xcode/cmdrunner.go:42.108,43.33 1 1
github.com/julianshen/rubichan/internal/tools/xcode/cmdrunner.go:43.33,45.3 1 1
github.com/julianshen/rubichan/internal/tools/xcode/cmdrunner.go:46.2,46.17 1 0
github.com/julianshen/rubichan/internal/tools/xcode/cmdrunner.go:50.100,51.25 1 1
github.com/julianshen/rubichan/internal/tools/xcode/cmdrunner.go:51.25,53.3 1 1
github.com/julianshen/rubichan/internal/tools/xcode/cmdrunner.go:54.2,54.17 1 0
github.com/julianshen/rubichan/internal/tools/xcode/codesign.go:32.60,34.2 1 1
github.com/julianshen/rubichan/internal/tools/xcode/codesign.go:37.78,39.2 1 1
github.com/julianshen/rubichan/internal/tools/xcode/codesign.go:42.38,44.2 1 1
github.com/julianshen/rubichan/internal/tools/xcode/codesign.go:47.45,48.16 1 1
github.com/julianshen/rubichan/internal/tools/xcode/codesign.go:49.20,50.86 1 1
github.com/julianshen/rubichan/internal/tools/xcode/codesign.go:51.22,52.65 1 1
github.com/julianshen/rubichan/internal/tools/xcode/codesign.go:53.10,54.35 1 0
github.com/julianshen/rubichan/internal/tools/xcode/codesign.go:59.54,60.16 1 1
github.com/julianshen/rubichan/internal/tools/xcode/codesign.go:61.20,65.6 1 1
github.com/julianshen/rubichan/internal/tools/xcode/codesign.go:66.22,73.6 1 1
github.com/julianshen/rubichan/internal/tools/xcode/codesign.go:74.10,75.65 1 0
github.com/julianshen/rubichan/internal/tools/xcode/codesign.go:80.102,81.28 1 1
github.com/julianshen/rubichan/internal/tools/xcode/codesign.go:81.28,83.3 1 1
github.com/julianshen/rubichan/internal/tools/xcode/codesign.go:85.2,86.51 2 1
github.com/julianshen/rubichan/internal/tools/xcode/codesign.go:86.51,88.3 1 1
github.com/julianshen/rubichan/internal/tools/xcode/codesign.go:90.2,90.16 1 1
github.com/julianshen/rubichan/internal/tools/xcode/codesign.go:91.20,92.28 1 1
github.com/julianshen/rubichan/internal/tools/xcode/codesign.go:93.22,94.20 1 1
github.com/julianshen/rubichan/internal/tools/xcode/codesign.go:94.20,96.4 1 1
github.com/julianshen/rubichan/internal/tools/xcode/codesign.go:97.3,97.22 1 1
github.com/julianshen/rubichan/internal/tools/xcode/codesign.go:97.22,99.18 2 1
github.com/julianshen/rubichan/internal/tools/xcode/codesign.go:99.18,101.5 1 1
github.com/julianshen/rubichan/internal/tools/xcode/codesign.go:102.4,102.25 1 1
github.com/julianshen/rubichan/internal/tools/xcode/codesign.go:104.3,104.39 1 1
github.com/julianshen/rubichan/internal/tools/xcode/codesign.go:105.10,106.80 1 0
github.com/julianshen/rubichan/internal/tools/xcode/codesign.go:110.83,114.16 3 1
github.com/julianshen/rubichan/internal/tools/xcode/codesign.go:114.16,115.19 1 1
github.com/julianshen/rubichan/internal/tools/xcode/codesign.go:115.19,117.4 1 1
github.com/julianshen/rubichan/internal/tools/xcode/codesign.go:118.3,118.110 1 1
github.com/julianshen/rubichan/internal/tools/xcode/codesign.go:121.2,121.18 1 1
github.com/julianshen/rubichan/internal/tools/xcode/codesign.go:121.18,123.3 1 1
github.com/julianshen/rubichan/internal/tools/xcode/codesign.go:124.2,124.47 1 1
github.com/julianshen/rubichan/internal/tools/xcode/codesign.go:127.98,132.16 3 1
github.com/julianshen/rubichan/internal/tools/xcode/codesign.go:132.16,133.19 1 1
github.com/julianshen/rubichan/internal/tools/xcode/codesign.go:133.19,135.4 1 1
github.com/julianshen/rubichan/internal/tools/xcode/codesign.go:136.3,136.103 1 1
github.com/julianshen/rubichan/internal/tools/xcode/codesign.go:139.2,139.18 1 1
github.com/julianshen/rubichan/internal/tools/xcode/codesign.go:139.18,141.3 1 1
github.com/julianshen/rubichan/internal/tools/xcode/codesign.go:142.2,142.47 1 1
github.com/julianshen/rubichan/internal/tools/xcode/discover.go:32.52,34.2 1 1
github.com/julianshen/rubichan/internal/tools/xcode/discover.go:37.38,37.65 1 1
github.com/julianshen/rubichan/internal/tools/xcode/discover.go:40.45,42.2 1 1
github.com/julianshen/rubichan/internal/tools/xcode/discover.go:45.54,55.2 1 1
github.com/julianshen/rubichan/internal/tools/xcode/discover.go:58.100,60.51 2 1
github.com/julianshen/rubichan/internal/tools/xcode/discover.go:60.51,62.3 1 1
github.com/julianshen/rubichan/internal/tools/xcode/discover.go:64.2,65.19 2 1
github.com/julianshen/rubichan/internal/tools/xcode/discover.go:65.19,67.17 2 1
github.com/julianshen/rubichan/internal/tools/xcode/discover.go:67.17,69.4 1 0
github.com/julianshen/rubichan/internal/tools/xcode/discover.go:70.3,70.22 1 1
github.com/julianshen/rubichan/internal/tools/xcode/discover.go:73.2,75.25 3 1
github.com/julianshen/rubichan/internal/tools/xcode/discover.go:75.25,77.3 1 1
github.com/julianshen/rubichan/internal/tools/xcode/discover.go:78.2,78.52 1 1
github.com/julianshen/rubichan/internal/tools/xcode/discover.go:83.46,87.16 3 1
github.com/julianshen/rubichan/internal/tools/xcode/discover.go:87.16,89.3 1 1
github.com/julianshen/rubichan/internal/tools/xcode/discover.go:91.2,91.28 1 1
github.com/julianshen/rubichan/internal/tools/xcode/discover.go:91.28,93.10 2 1
github.com/julianshen/rubichan/internal/tools/xcode/discover.go:94.61,97.40 3 1
github.com/julianshen/rubichan/internal/tools/xcode/discover.go:98.89,101.40 3 1
github.com/julianshen/rubichan/internal/tools/xcode/discover.go:102.55,105.40 3 1
github.com/julianshen/rubichan/internal/tools/xcode/discover.go:110.2,110.28 1 1
github.com/julianshen/rubichan/internal/tools/xcode/discover.go:110.28,111.58 1 1
github.com/julianshen/rubichan/internal/tools/xcode/discover.go:111.58,113.4 1 1
github.com/julianshen/rubichan/internal/tools/xcode/discover.go:116.2,116.13 1 1
github.com/julianshen/rubichan/internal/tools/xcode/logparser.go:49.44,52.48 2 1
github.com/julianshen/rubichan/internal/tools/xcode/logparser.go:52.48,53.71 1 1
github.com/julianshen/rubichan/internal/tools/xcode/logparser.go:53.71,62.29 4 1
github.com/julianshen/rubichan/internal/tools/xcode/logparser.go:62.29,64.5 1 1
github.com/julianshen/rubichan/internal/tools/xcode/logparser.go:64.10,66.5 1 1
github.com/julianshen/rubichan/internal/tools/xcode/logparser.go:68.3,68.48 1 1
github.com/julianshen/rubichan/internal/tools/xcode/logparser.go:68.48,70.4 1 1
github.com/julianshen/rubichan/internal/tools/xcode/logparser.go:72.2,72.15 1 1
github.com/julianshen/rubichan/internal/tools/xcode/logparser.go:76.42,79.48 2 1
github.com/julianshen/rubichan/internal/tools/xcode/logparser.go:79.48,80.69 1 1
github.com/julianshen/rubichan/internal/tools/xcode/logparser.go:80.69,89.4 3 1
github.com/julianshen/rubichan/internal/tools/xcode/logparser.go:90.3,90.72 1 1
github.com/julianshen/rubichan/internal/tools/xcode/logparser.go:90.72,94.4 3 1
github.com/julianshen/rubichan/internal/tools/xcode/logparser.go:96.2,96.15 1 1
github.com/julianshen/rubichan/internal/tools/xcode/logparser.go:100.38,102.2 1 1
github.com/julianshen/rubichan/internal/tools/xcode/logparser.go:105.46,107.15 2 1
github.com/julianshen/rubichan/internal/tools/xcode/logparser.go:107.15,109.3 1 1
github.com/julianshen/rubichan/internal/tools/xcode/logparser.go:109.8,111.3 1 1
github.com/julianshen/rubichan/internal/tools/xcode/logparser.go:112.2,112.29 1 1
github.com/julianshen/rubichan/internal/tools/xcode/logparser.go:112.29,114.3 1 1
github.com/julianshen/rubichan/internal/tools/xcode/logparser.go:115.2,115.31 1 1
github.com/julianshen/rubichan/internal/tools/xcode/logparser.go:115.31,117.3 1 1
github.com/julianshen/rubichan/internal/tools/xcode/logparser.go:118.2,118.19 1 1
github.com/julianshen/rubichan/internal/tools/xcode/logparser.go:122.44,125.29 3 1
github.com/julianshen/rubichan/internal/tools/xcode/logparser.go:125.29,127.17 2 1
github.com/julianshen/rubichan/internal/tools/xcode/logparser.go:127.17,129.4 1 1
github.com/julianshen/rubichan/internal/tools/xcode/logparser.go:130.3,130.84 1 1
github.com/julianshen/rubichan/internal/tools/xcode/logparser.go:132.2,132.19 1 1
github.com/julianshen/rubichan/internal/tools/xcode/pathutil.go:11.57,12.26 1 1
github.com/julianshen/rubichan/internal/tools/xcode/pathutil.go:12.26,14.3 1 1
github.com/julianshen/rubichan/internal/tools/xcode/pathutil.go:15.2,16.16 2 1
github.com/julianshen/rubichan/internal/tools/xcode/pathutil.go:16.16,18.3 1 0
github.com/julianshen/rubichan/internal/tools/xcode/pathutil.go:19.2,21.91 3 1
github.com/julianshen/rubichan/internal/tools/xcode/pathutil.go:21.91,23.3 1 1
github.com/julianshen/rubichan/internal/tools/xcode/pathutil.go:24.2,24.21 1 1
github.com/julianshen/rubichan/internal/tools/xcode/platform.go:20.52,22.2 1 1
github.com/julianshen/rubichan/internal/tools/xcode/platform.go:25.47,27.2 1 1
github.com/julianshen/rubichan/internal/tools/xcode/platform.go:30.59,31.19 1 0
github.com/julianshen/rubichan/internal/tools/xcode/platform.go:31.19,33.3 1 0
github.com/julianshen/rubichan/internal/tools/xcode/platform.go:34.2,35.16 2 0
github.com/julianshen/rubichan/internal/tools/xcode/platform.go:35.16,37.3 1 0
github.com/julianshen/rubichan/internal/tools/xcode/platform.go:38.2,38.44 1 0
github.com/julianshen/rubichan/internal/tools/xcode/platform.go:48.47,50.2 1 1
github.com/julianshen/rubichan/internal/tools/xcode/platform.go:53.59,54.15 1 1
github.com/julianshen/rubichan/internal/tools/xcode/platform.go:54.15,56.3 1 1
github.com/julianshen/rubichan/internal/tools/xcode/platform.go:57.2,57.28 1 1
github.com/julianshen/rubichan/internal/tools/xcode/simctl.go:49.53,51.2 1 1
github.com/julianshen/rubichan/internal/tools/xcode/simctl.go:54.53,56.2 1 1
github.com/julianshen/rubichan/internal/tools/xcode/simctl.go:59.57,61.2 1 1
github.com/julianshen/rubichan/internal/tools/xcode/simctl.go:64.72,66.2 1 1
github.com/julianshen/rubichan/internal/tools/xcode/simctl.go:69.55,71.2 1 1
github.com/julianshen/rubichan/internal/tools/xcode/simctl.go:74.75,76.2 1 1
github.com/julianshen/rubichan/internal/tools/xcode/simctl.go:79.36,81.2 1 1
github.com/julianshen/rubichan/internal/tools/xcode/simctl.go:84.43,85.16 1 1
github.com/julianshen/rubichan/internal/tools/xcode/simctl.go:86.18,87.78 1 1
github.com/julianshen/rubichan/internal/tools/xcode/simctl.go:88.18,89.57 1 1
github.com/julianshen/rubichan/internal/tools/xcode/simctl.go:90.22,91.53 1 1
github.com/julianshen/rubichan/internal/tools/xcode/simctl.go:92.21,93.63 1 1
github.com/julianshen/rubichan/internal/tools/xcode/simctl.go:94.20,95.71 1 1
github.com/julianshen/rubichan/internal/tools/xcode/simctl.go:96.24,97.76 1 1
github.com/julianshen/rubichan/internal/tools/xcode/simctl.go:98.10,99.36 1 0
github.com/julianshen/rubichan/internal/tools/xcode/simctl.go:104.52,105.16 1 1
github.com/julianshen/rubichan/internal/tools/xcode/simctl.go:106.18,110.6 1 1
github.com/julianshen/rubichan/internal/tools/xcode/simctl.go:111.34,118.6 1 1
github.com/julianshen/rubichan/internal/tools/xcode/simctl.go:119.21,127.6 1 1
github.com/julianshen/rubichan/internal/tools/xcode/simctl.go:128.20,136.6 1 1
github.com/julianshen/rubichan/internal/tools/xcode/simctl.go:137.24,145.6 1 1
github.com/julianshen/rubichan/internal/tools/xcode/simctl.go:146.10,147.65 1 0
github.com/julianshen/rubichan/internal/tools/xcode/simctl.go:152.100,153.28 1 1
github.com/julianshen/rubichan/internal/tools/xcode/simctl.go:153.28,155.3 1 1
github.com/julianshen/rubichan/internal/tools/xcode/simctl.go:158.2,158.26 1 1
github.com/julianshen/rubichan/internal/tools/xcode/simctl.go:158.26,160.3 1 1
github.com/julianshen/rubichan/internal/tools/xcode/simctl.go:162.2,163.51 2 1
github.com/julianshen/rubichan/internal/tools/xcode/simctl.go:163.51,165.3 1 1
github.com/julianshen/rubichan/internal/tools/xcode/simctl.go:167.2,167.39 1 1
github.com/julianshen/rubichan/internal/tools/xcode/simctl.go:167.39,169.3 1 1
github.com/julianshen/rubichan/internal/tools/xcode/simctl.go:173.2,173.21 1 1
github.com/julianshen/rubichan/internal/tools/xcode/simctl.go:173.21,174.50 1 1
github.com/julianshen/rubichan/internal/tools/xcode/simctl.go:174.50,176.18 2 1
github.com/julianshen/rubichan/internal/tools/xcode/simctl.go:176.18,178.5 1 1
github.com/julianshen/rubichan/internal/tools/xcode/simctl.go:179.4,179.28 1 1
github.com/julianshen/rubichan/internal/tools/xcode/simctl.go:181.3,181.56 1 1
github.com/julianshen/rubichan/internal/tools/xcode/simctl.go:181.56,183.18 2 1
github.com/julianshen/rubichan/internal/tools/xcode/simctl.go:183.18,185.5 1 1
github.com/julianshen/rubichan/internal/tools/xcode/simctl.go:186.4,186.31 1 1
github.com/julianshen/rubichan/internal/tools/xcode/simctl.go:190.2,190.34 1 1
github.com/julianshen/rubichan/internal/tools/xcode/simctl.go:193.53,194.16 1 1
github.com/julianshen/rubichan/internal/tools/xcode/simctl.go:195.18,196.13 1 0
github.com/julianshen/rubichan/internal/tools/xcode/simctl.go:197.34,198.22 1 1
github.com/julianshen/rubichan/internal/tools/xcode/simctl.go:198.22,200.4 1 1
github.com/julianshen/rubichan/internal/tools/xcode/simctl.go:201.21,202.22 1 1
github.com/julianshen/rubichan/internal/tools/xcode/simctl.go:202.22,204.4 1 1
github.com/julianshen/rubichan/internal/tools/xcode/simctl.go:205.3,205.23 1 1
github.com/julianshen/rubichan/internal/tools/xcode/simctl.go:205.23,207.4 1 1
github.com/julianshen/rubichan/internal/tools/xcode/simctl.go:208.20,209.22 1 1
github.com/julianshen/rubichan/internal/tools/xcode/simctl.go:209.22,211.4 1 1
github.com/julianshen/rubichan/internal/tools/xcode/simctl.go:212.3,212.24 1 1
github.com/julianshen/rubichan/internal/tools/xcode/simctl.go:212.24,214.4 1 1
github.com/julianshen/rubichan/internal/tools/xcode/simctl.go:215.24,216.22 1 1
github.com/julianshen/rubichan/internal/tools/xcode/simctl.go:216.22,218.4 1 1
github.com/julianshen/rubichan/internal/tools/xcode/simctl.go:219.3,219.26 1 1
github.com/julianshen/rubichan/internal/tools/xcode/simctl.go:219.26,221.4 1 1
github.com/julianshen/rubichan/internal/tools/xcode/simctl.go:223.2,223.12 1 1
github.com/julianshen/rubichan/internal/tools/xcode/simctl.go:226.81,228.16 2 1
github.com/julianshen/rubichan/internal/tools/xcode/simctl.go:228.16,233.3 1 1
github.com/julianshen/rubichan/internal/tools/xcode/simctl.go:235.2,236.67 2 1
github.com/julianshen/rubichan/internal/tools/xcode/simctl.go:239.100,242.16 2 1
github.com/julianshen/rubichan/internal/tools/xcode/simctl.go:243.21,244.34 1 1
github.com/julianshen/rubichan/internal/tools/xcode/simctl.go:245.20,246.35 1 1
github.com/julianshen/rubichan/internal/tools/xcode/simctl.go:247.24,249.74 1 1
github.com/julianshen/rubichan/internal/tools/xcode/simctl.go:252.2,255.16 3 1
github.com/julianshen/rubichan/internal/tools/xcode/simctl.go:255.16,256.19 1 1
github.com/julianshen/rubichan/internal/tools/xcode/simctl.go:256.19,258.4 1 1
github.com/julianshen/rubichan/internal/tools/xcode/simctl.go:259.3,259.105 1 1
github.com/julianshen/rubichan/internal/tools/xcode/simctl.go:262.2,262.18 1 1
github.com/julianshen/rubichan/internal/tools/xcode/simctl.go:262.18,264.3 1 1
github.com/julianshen/rubichan/internal/tools/xcode/simctl.go:265.2,265.47 1 1
github.com/julianshen/rubichan/internal/tools/xcode/simctl.go:269.50,273.51 2 1
github.com/julianshen/rubichan/internal/tools/xcode/simctl.go:273.51,275.3 1 1
github.com/julianshen/rubichan/internal/tools/xcode/simctl.go:277.2,278.35 2 1
github.com/julianshen/rubichan/internal/tools/xcode/simctl.go:278.35,280.3 1 1
github.com/julianshen/rubichan/internal/tools/xcode/simctl.go:281.2,284.35 3 1
github.com/julianshen/rubichan/internal/tools/xcode/simctl.go:284.35,289.26 4 1
github.com/julianshen/rubichan/internal/tools/xcode/simctl.go:289.26,292.4 2 1
github.com/julianshen/rubichan/internal/tools/xcode/simctl.go:294.2,294.16 1 1
github.com/julianshen/rubichan/internal/tools/xcode/simctl.go:298.52,299.23 1 1
github.com/julianshen/rubichan/internal/tools/xcode/simctl.go:299.23,301.3 1 1
github.com/julianshen/rubichan/internal/tools/xcode/simctl.go:303.2,308.28 5 1
github.com/julianshen/rubichan/internal/tools/xcode/simctl.go:308.28,310.20 2 1
github.com/julianshen/rubichan/internal/tools/xcode/simctl.go:310.20,312.4 1 1
github.com/julianshen/rubichan/internal/tools/xcode/simctl.go:313.3,313.103 1 1
github.com/julianshen/rubichan/internal/tools/xcode/simctl.go:316.2,316.19 1 1
github.com/julianshen/rubichan/internal/tools/xcode/spm.go:38.49,40.2 1 1
github.com/julianshen/rubichan/internal/tools/xcode/spm.go:43.48,45.2 1 1
github.com/julianshen/rubichan/internal/tools/xcode/spm.go:48.51,50.2 1 1
github.com/julianshen/rubichan/internal/tools/xcode/spm.go:53.50,55.2 1 1
github.com/julianshen/rubichan/internal/tools/xcode/spm.go:58.33,59.16 1 1
github.com/julianshen/rubichan/internal/tools/xcode/spm.go:60.16,61.23 1 1
github.com/julianshen/rubichan/internal/tools/xcode/spm.go:62.15,63.22 1 1
github.com/julianshen/rubichan/internal/tools/xcode/spm.go:64.18,65.25 1 1
github.com/julianshen/rubichan/internal/tools/xcode/spm.go:66.17,67.25 1 1
github.com/julianshen/rubichan/internal/tools/xcode/spm.go:68.10,69.35 1 0
github.com/julianshen/rubichan/internal/tools/xcode/spm.go:74.40,75.16 1 1
github.com/julianshen/rubichan/internal/tools/xcode/spm.go:76.16,77.62 1 1
github.com/julianshen/rubichan/internal/tools/xcode/spm.go:78.15,79.70 1 1
github.com/julianshen/rubichan/internal/tools/xcode/spm.go:80.18,81.47 1 1
github.com/julianshen/rubichan/internal/tools/xcode/spm.go:82.17,83.48 1 1
github.com/julianshen/rubichan/internal/tools/xcode/spm.go:84.10,85.44 1 0
github.com/julianshen/rubichan/internal/tools/xcode/spm.go:90.49,91.16 1 1
github.com/julianshen/rubichan/internal/tools/xcode/spm.go:92.25,99.5 1 1
github.com/julianshen/rubichan/internal/tools/xcode/spm.go:100.18,106.5 1 1
github.com/julianshen/rubichan/internal/tools/xcode/spm.go:107.17,116.5 1 1
github.com/julianshen/rubichan/internal/tools/xcode/spm.go:117.10,118.65 1 0
github.com/julianshen/rubichan/internal/tools/xcode/spm.go:123.97,125.51 2 1
github.com/julianshen/rubichan/internal/tools/xcode/spm.go:125.51,127.3 1 1
github.com/julianshen/rubichan/internal/tools/xcode/spm.go:129.2,129.39 1 1
github.com/julianshen/rubichan/internal/tools/xcode/spm.go:129.39,131.3 1 1
github.com/julianshen/rubichan/internal/tools/xcode/spm.go:133.2,133.26 1 1
github.com/julianshen/rubichan/internal/tools/xcode/spm.go:133.26,134.68 1 1
github.com/julianshen/rubichan/internal/tools/xcode/spm.go:134.68,136.4 1 1
github.com/julianshen/rubichan/internal/tools/xcode/spm.go:139.2,144.16 4 1
github.com/julianshen/rubichan/internal/tools/xcode/spm.go:144.16,145.19 1 1
github.com/julianshen/rubichan/internal/tools/xcode/spm.go:145.19,147.4 1 1
github.com/julianshen/rubichan/internal/tools/xcode/spm.go:148.3,148.104 1 1
github.com/julianshen/rubichan/internal/tools/xcode/spm.go:151.2,151.18 1 1
github.com/julianshen/rubichan/internal/tools/xcode/spm.go:151.18,153.3 1 1
github.com/julianshen/rubichan/internal/tools/xcode/spm.go:154.2,154.47 1 1
github.com/julianshen/rubichan/internal/tools/xcode/spm.go:157.47,158.25 1 1
github.com/julianshen/rubichan/internal/tools/xcode/spm.go:158.25,159.19 1 1
github.com/julianshen/rubichan/internal/tools/xcode/spm.go:159.19,161.4 1 1
github.com/julianshen/rubichan/internal/tools/xcode/spm.go:162.3,162.45 1 1
github.com/julianshen/rubichan/internal/tools/xcode/spm.go:162.45,164.4 1 1
github.com/julianshen/rubichan/internal/tools/xcode/spm.go:165.3,165.27 1 1
github.com/julianshen/rubichan/internal/tools/xcode/spm.go:165.27,167.4 1 1
github.com/julianshen/rubichan/internal/tools/xcode/spm.go:169.2,169.12 1 1
github.com/julianshen/rubichan/internal/tools/xcode/spm.go:172.51,175.16 2 1
github.com/julianshen/rubichan/internal/tools/xcode/spm.go:176.16,177.31 1 1
github.com/julianshen/rubichan/internal/tools/xcode/spm.go:178.15,179.30 1 1
github.com/julianshen/rubichan/internal/tools/xcode/spm.go:180.18,181.44 1 1
github.com/julianshen/rubichan/internal/tools/xcode/spm.go:182.17,183.85 1 1
github.com/julianshen/rubichan/internal/tools/xcode/spm.go:186.2,186.26 1 1
github.com/julianshen/rubichan/internal/tools/xcode/spm.go:186.26,188.3 1 1
github.com/julianshen/rubichan/internal/tools/xcode/spm.go:190.2,190.73 1 1
github.com/julianshen/rubichan/internal/tools/xcode/spm.go:190.73,192.3 1 1
github.com/julianshen/rubichan/internal/tools/xcode/spm.go:194.2,194.13 1 1
github.com/julianshen/rubichan/internal/tools/xcode/xcodebuild.go:39.76,41.2 1 1
github.com/julianshen/rubichan/internal/tools/xcode/xcodebuild.go:44.75,46.2 1 1
github.com/julianshen/rubichan/internal/tools/xcode/xcodebuild.go:49.78,51.2 1 1
github.com/julianshen/rubichan/internal/tools/xcode/xcodebuild.go:54.76,56.2 1 1
github.com/julianshen/rubichan/internal/tools/xcode/xcodebuild.go:59.40,61.2 1 1
github.com/julianshen/rubichan/internal/tools/xcode/xcodebuild.go:64.47,65.16 1 1
github.com/julianshen/rubichan/internal/tools/xcode/xcodebuild.go:66.17,67.87 1 1
github.com/julianshen/rubichan/internal/tools/xcode/xcodebuild.go:68.16,69.76 1 1
github.com/julianshen/rubichan/internal/tools/xcode/xcodebuild.go:70.19,71.70 1 1
github.com/julianshen/rubichan/internal/tools/xcode/xcodebuild.go:72.17,73.47 1 1
github.com/julianshen/rubichan/internal/tools/xcode/xcodebuild.go:74.10,75.34 1 0
github.com/julianshen/rubichan/internal/tools/xcode/xcodebuild.go:80.56,93.2 1 1
github.com/julianshen/rubichan/internal/tools/xcode/xcodebuild.go:96.104,97.28 1 1
github.com/julianshen/rubichan/internal/tools/xcode/xcodebuild.go:97.28,99.3 1 1
github.com/julianshen/rubichan/internal/tools/xcode/xcodebuild.go:101.2,102.51 2 1
github.com/julianshen/rubichan/internal/tools/xcode/xcodebuild.go:102.51,104.3 1 1
github.com/julianshen/rubichan/internal/tools/xcode/xcodebuild.go:106.2,106.21 1 1
github.com/julianshen/rubichan/internal/tools/xcode/xcodebuild.go:106.21,108.3 1 1
github.com/julianshen/rubichan/internal/tools/xcode/xcodebuild.go:111.2,111.71 1 1
github.com/julianshen/rubichan/internal/tools/xcode/xcodebuild.go:111.71,112.14 1 1
github.com/julianshen/rubichan/internal/tools/xcode/xcodebuild.go:112.14,113.56 1 1
github.com/julianshen/rubichan/internal/tools/xcode/xcodebuild.go:113.56,115.5 1 1
github.com/julianshen/rubichan/internal/tools/xcode/xcodebuild.go:119.2,124.24 4 1
github.com/julianshen/rubichan/internal/tools/xcode/xcodebuild.go:124.24,129.34 5 1
github.com/julianshen/rubichan/internal/tools/xcode/xcodebuild.go:129.34,132.4 2 1
github.com/julianshen/rubichan/internal/tools/xcode/xcodebuild.go:133.3,134.68 2 1
github.com/julianshen/rubichan/internal/tools/xcode/xcodebuild.go:137.2,138.40 2 1
github.com/julianshen/rubichan/internal/tools/xcode/xcodebuild.go:138.40,140.3 1 1
github.com/julianshen/rubichan/internal/tools/xcode/xcodebuild.go:141.2,141.71 1 1
github.com/julianshen/rubichan/internal/tools/xcode/xcodebuild.go:144.65,147.24 2 1
github.com/julianshen/rubichan/internal/tools/xcode/xcodebuild.go:147.24,149.3 1 1
github.com/julianshen/rubichan/internal/tools/xcode/xcodebuild.go:149.8,149.29 1 1
github.com/julianshen/rubichan/internal/tools/xcode/xcodebuild.go:149.29,151.3 1 1
github.com/julianshen/rubichan/internal/tools/xcode/xcodebuild.go:153.2,155.26 2 1
github.com/julianshen/rubichan/internal/tools/xcode/xcodebuild.go:155.26,157.3 1 1
github.com/julianshen/rubichan/internal/tools/xcode/xcodebuild.go:158.2,158.28 1 1
github.com/julianshen/rubichan/internal/tools/xcode/xcodebuild.go:158.28,160.3 1 1
github.com/julianshen/rubichan/internal/tools/xcode/xcodebuild.go:162.2,162.16 1 1
github.com/julianshen/rubichan/internal/tools/xcode/xcodebuild.go:163.17,164.31 1 1
github.com/julianshen/rubichan/internal/tools/xcode/xcodebuild.go:165.16,166.30 1 1
github.com/julianshen/rubichan/internal/tools/xcode/xcodebuild.go:167.19,169.27 2 1
github.com/julianshen/rubichan/internal/tools/xcode/xcodebuild.go:169.27,171.4 1 1
github.com/julianshen/rubichan/internal/tools/xcode/xcodebuild.go:172.17,173.31 1 1
github.com/julianshen/rubichan/internal/tools/xcode/xcodebuild.go:176.2,177.13 2 1
github.com/julianshen/rubichan/internal/tools/xcode/xcrun.go:34.50,36.2 1 1
github.com/julianshen/rubichan/internal/tools/xcode/xcrun.go:39.35,41.2 1 1
github.com/julianshen/rubichan/internal/tools/xcode/xcrun.go:44.42,46.2 1 1
github.com/julianshen/rubichan/internal/tools/xcode/xcrun.go:49.51,58.2 1 1
github.com/julianshen/rubichan/internal/tools/xcode/xcrun.go:61.99,62.28 1 1
github.com/julianshen/rubichan/internal/tools/xcode/xcrun.go:62.28,64.3 1 1
github.com/julianshen/rubichan/internal/tools/xcode/xcrun.go:66.2,67.51 2 1
github.com/julianshen/rubichan/internal/tools/xcode/xcrun.go:67.51,69.3 1 1
github.com/julianshen/rubichan/internal/tools/xcode/xcrun.go:71.2,71.19 1 1
github.com/julianshen/rubichan/internal/tools/xcode/xcrun.go:71.19,73.3 1 1
github.com/julianshen/rubichan/internal/tools/xcode/xcrun.go:75.2,75.33 1 1
github.com/julianshen/rubichan/internal/tools/xcode/xcrun.go:75.33,77.3 1 1
github.com/julianshen/rubichan/internal/tools/xcode/xcrun.go:79.2,83.16 4 1
github.com/julianshen/rubichan/internal/tools/xcode/xcrun.go:83.16,84.19 1 1
github.com/julianshen/rubichan/internal/tools/xcode/xcrun.go:84.19,86.4 1 1
github.com/julianshen/rubichan/internal/tools/xcode/xcrun.go:87.3,87.105 1 0
github.com/julianshen/rubichan/internal/tools/xcode/xcrun.go:90.2,90.18 1 1
github.com/julianshen/rubichan/internal/tools/xcode/xcrun.go:90.18,92.3 1 0
github.com/julianshen/rubichan/internal/tools/xcode/xcrun.go:93.2,93.47 1 1
